2019-11-01 08:34:22.348  INFO 13216 --- [restartedMain] com.oyms.OymsApplication                 : Starting OymsApplication on DESKTOP-HA67OO7 with PID 13216 (started by admin in F:\副本\oymsback1-master)
2019-11-01 08:34:22.350  INFO 13216 --- [restartedMain] com.oyms.OymsApplication                 : No active profile set, falling back to default profiles: default
2019-11-01 08:34:22.389  INFO 13216 --- [restartedMain] .e.DevToolsPropertyDefaultsPostProcessor : Devtools property defaults active! Set 'spring.devtools.add-properties' to 'false' to disable
2019-11-01 08:34:22.389  INFO 13216 --- [restartedMain] .e.DevToolsPropertyDefaultsPostProcessor : For additional web related logging consider setting the 'logging.level.web' property to 'DEBUG'
2019-11-01 08:34:23.498  INFO 13216 --- [restartedMain] o.s.b.w.embedded.tomcat.TomcatWebServer  : Tomcat initialized with port(s): 8001 (http)
2019-11-01 08:34:23.512  INFO 13216 --- [restartedMain] o.apache.catalina.core.StandardService   : Starting service [Tomcat]
2019-11-01 08:34:23.512  INFO 13216 --- [restartedMain] org.apache.catalina.core.StandardEngine  : Starting Servlet engine: [Apache Tomcat/9.0.21]
2019-11-01 08:34:23.567  INFO 13216 --- [restartedMain] o.a.c.c.C.[Tomcat].[localhost].[/]       : Initializing Spring embedded WebApplicationContext
2019-11-01 08:34:23.567  INFO 13216 --- [restartedMain] o.s.web.context.ContextLoader            : Root WebApplicationContext: initialization completed in 1177 ms
2019-11-01 08:34:23.890  INFO 13216 --- [restartedMain] o.s.s.concurrent.ThreadPoolTaskExecutor  : Initializing ExecutorService 'applicationTaskExecutor'
2019-11-01 08:34:24.118  INFO 13216 --- [restartedMain] o.s.b.d.a.OptionalLiveReloadServer       : LiveReload server is running on port 35729
2019-11-01 08:34:24.171  INFO 13216 --- [restartedMain] o.s.b.w.embedded.tomcat.TomcatWebServer  : Tomcat started on port(s): 8001 (http) with context path ''
2019-11-01 08:34:24.173  INFO 13216 --- [restartedMain] com.oyms.OymsApplication                 : Started OymsApplication in 2.042 seconds (JVM running for 2.486)
2019-11-01 08:36:41.676  INFO 13216 --- [http-nio-8001-exec-1] o.a.c.c.C.[Tomcat].[localhost].[/]       : Initializing Spring DispatcherServlet 'dispatcherServlet'
2019-11-01 08:36:41.676  INFO 13216 --- [http-nio-8001-exec-1] o.s.web.servlet.DispatcherServlet        : Initializing Servlet 'dispatcherServlet'
2019-11-01 08:36:41.685  INFO 13216 --- [http-nio-8001-exec-1] o.s.web.servlet.DispatcherServlet        : Completed initialization in 9 ms
2019-11-01 08:36:50.304  INFO 13216 --- [http-nio-8001-exec-5] com.zaxxer.hikari.HikariDataSource       : HikariPool-1 - Starting...
2019-11-01 08:36:50.490  INFO 13216 --- [http-nio-8001-exec-5] com.zaxxer.hikari.HikariDataSource       : HikariPool-1 - Start completed.
2019-11-01 08:39:33.585  INFO 13216 --- [Thread-6] o.s.s.concurrent.ThreadPoolTaskExecutor  : Shutting down ExecutorService 'applicationTaskExecutor'
2019-11-01 08:39:33.601  INFO 13216 --- [Thread-6] com.zaxxer.hikari.HikariDataSource       : HikariPool-1 - Shutdown initiated...
2019-11-01 08:39:33.602  INFO 13216 --- [Thread-6] com.zaxxer.hikari.HikariDataSource       : HikariPool-1 - Shutdown completed.
2019-11-01 08:39:33.852  INFO 13216 --- [restartedMain] com.oyms.OymsApplication                 : Starting OymsApplication on DESKTOP-HA67OO7 with PID 13216 (started by admin in F:\副本\oymsback1-master)
2019-11-01 08:39:33.852  INFO 13216 --- [restartedMain] com.oyms.OymsApplication                 : No active profile set, falling back to default profiles: default
2019-11-01 08:39:34.180  INFO 13216 --- [restartedMain] o.s.b.w.embedded.tomcat.TomcatWebServer  : Tomcat initialized with port(s): 8001 (http)
2019-11-01 08:39:34.180  INFO 13216 --- [restartedMain] o.apache.catalina.core.StandardService   : Starting service [Tomcat]
2019-11-01 08:39:34.180  INFO 13216 --- [restartedMain] org.apache.catalina.core.StandardEngine  : Starting Servlet engine: [Apache Tomcat/9.0.21]
2019-11-01 08:39:34.196  INFO 13216 --- [restartedMain] o.a.c.c.C.[Tomcat].[localhost].[/]       : Initializing Spring embedded WebApplicationContext
2019-11-01 08:39:34.196  INFO 13216 --- [restartedMain] o.s.web.context.ContextLoader            : Root WebApplicationContext: initialization completed in 344 ms
2019-11-01 08:39:34.321  INFO 13216 --- [restartedMain] o.s.s.concurrent.ThreadPoolTaskExecutor  : Initializing ExecutorService 'applicationTaskExecutor'
2019-11-01 08:39:34.383  INFO 13216 --- [restartedMain] o.s.b.d.a.OptionalLiveReloadServer       : LiveReload server is running on port 35729
2019-11-01 08:39:34.399  INFO 13216 --- [restartedMain] o.s.b.w.embedded.tomcat.TomcatWebServer  : Tomcat started on port(s): 8001 (http) with context path ''
2019-11-01 08:39:34.399  INFO 13216 --- [restartedMain] com.oyms.OymsApplication                 : Started OymsApplication in 0.578 seconds (JVM running for 312.714)
2019-11-01 08:39:34.399  INFO 13216 --- [restartedMain] .ConditionEvaluationDeltaLoggingListener : Condition evaluation unchanged
2019-11-01 08:39:39.268  INFO 13216 --- [http-nio-8001-exec-1] o.a.c.c.C.[Tomcat].[localhost].[/]       : Initializing Spring DispatcherServlet 'dispatcherServlet'
2019-11-01 08:39:39.270  INFO 13216 --- [http-nio-8001-exec-1] o.s.web.servlet.DispatcherServlet        : Initializing Servlet 'dispatcherServlet'
2019-11-01 08:39:39.276  INFO 13216 --- [http-nio-8001-exec-1] o.s.web.servlet.DispatcherServlet        : Completed initialization in 6 ms
2019-11-01 08:39:39.320  INFO 13216 --- [http-nio-8001-exec-2] com.zaxxer.hikari.HikariDataSource       : HikariPool-2 - Starting...
2019-11-01 08:39:39.327  INFO 13216 --- [http-nio-8001-exec-2] com.zaxxer.hikari.HikariDataSource       : HikariPool-2 - Start completed.
2019-11-01 08:40:10.177  INFO 13216 --- [Thread-11] o.s.s.concurrent.ThreadPoolTaskExecutor  : Shutting down ExecutorService 'applicationTaskExecutor'
2019-11-01 08:40:10.181  INFO 13216 --- [Thread-11] com.zaxxer.hikari.HikariDataSource       : HikariPool-2 - Shutdown initiated...
2019-11-01 08:40:10.183  INFO 13216 --- [Thread-11] com.zaxxer.hikari.HikariDataSource       : HikariPool-2 - Shutdown completed.
2019-11-01 08:40:10.372  INFO 13216 --- [restartedMain] com.oyms.OymsApplication                 : Starting OymsApplication on DESKTOP-HA67OO7 with PID 13216 (started by admin in F:\副本\oymsback1-master)
2019-11-01 08:40:10.372  INFO 13216 --- [restartedMain] com.oyms.OymsApplication                 : No active profile set, falling back to default profiles: default
2019-11-01 08:40:10.575  INFO 13216 --- [restartedMain] o.s.b.w.embedded.tomcat.TomcatWebServer  : Tomcat initialized with port(s): 8001 (http)
2019-11-01 08:40:10.575  INFO 13216 --- [restartedMain] o.apache.catalina.core.StandardService   : Starting service [Tomcat]
2019-11-01 08:40:10.575  INFO 13216 --- [restartedMain] org.apache.catalina.core.StandardEngine  : Starting Servlet engine: [Apache Tomcat/9.0.21]
2019-11-01 08:40:10.610  INFO 13216 --- [restartedMain] o.a.c.c.C.[Tomcat].[localhost].[/]       : Initializing Spring embedded WebApplicationContext
2019-11-01 08:40:10.610  INFO 13216 --- [restartedMain] o.s.web.context.ContextLoader            : Root WebApplicationContext: initialization completed in 238 ms
2019-11-01 08:40:10.720  INFO 13216 --- [restartedMain] o.s.s.concurrent.ThreadPoolTaskExecutor  : Initializing ExecutorService 'applicationTaskExecutor'
2019-11-01 08:40:10.760  INFO 13216 --- [restartedMain] o.s.b.d.a.OptionalLiveReloadServer       : LiveReload server is running on port 35729
2019-11-01 08:40:10.771  INFO 13216 --- [restartedMain] o.s.b.w.embedded.tomcat.TomcatWebServer  : Tomcat started on port(s): 8001 (http) with context path ''
2019-11-01 08:40:10.771  INFO 13216 --- [restartedMain] com.oyms.OymsApplication                 : Started OymsApplication in 0.414 seconds (JVM running for 349.084)
2019-11-01 08:40:10.772  INFO 13216 --- [restartedMain] .ConditionEvaluationDeltaLoggingListener : Condition evaluation unchanged
2019-11-01 08:40:25.351  INFO 13216 --- [Thread-17] o.s.s.concurrent.ThreadPoolTaskExecutor  : Shutting down ExecutorService 'applicationTaskExecutor'
2019-11-01 08:40:25.528  INFO 13216 --- [restartedMain] com.oyms.OymsApplication                 : Starting OymsApplication on DESKTOP-HA67OO7 with PID 13216 (started by admin in F:\副本\oymsback1-master)
2019-11-01 08:40:25.528  INFO 13216 --- [restartedMain] com.oyms.OymsApplication                 : No active profile set, falling back to default profiles: default
2019-11-01 08:40:25.699  INFO 13216 --- [restartedMain] o.s.b.w.embedded.tomcat.TomcatWebServer  : Tomcat initialized with port(s): 8001 (http)
2019-11-01 08:40:25.700  INFO 13216 --- [restartedMain] o.apache.catalina.core.StandardService   : Starting service [Tomcat]
2019-11-01 08:40:25.700  INFO 13216 --- [restartedMain] org.apache.catalina.core.StandardEngine  : Starting Servlet engine: [Apache Tomcat/9.0.21]
2019-11-01 08:40:25.706  INFO 13216 --- [restartedMain] o.a.c.c.C.[Tomcat].[localhost].[/]       : Initializing Spring embedded WebApplicationContext
2019-11-01 08:40:25.707  INFO 13216 --- [restartedMain] o.s.web.context.ContextLoader            : Root WebApplicationContext: initialization completed in 179 ms
2019-11-01 08:40:25.806  INFO 13216 --- [restartedMain] o.s.s.concurrent.ThreadPoolTaskExecutor  : Initializing ExecutorService 'applicationTaskExecutor'
2019-11-01 08:40:25.848  INFO 13216 --- [restartedMain] o.s.b.d.a.OptionalLiveReloadServer       : LiveReload server is running on port 35729
2019-11-01 08:40:25.859  INFO 13216 --- [restartedMain] o.s.b.w.embedded.tomcat.TomcatWebServer  : Tomcat started on port(s): 8001 (http) with context path ''
2019-11-01 08:40:25.860  INFO 13216 --- [restartedMain] com.oyms.OymsApplication                 : Started OymsApplication in 0.348 seconds (JVM running for 364.173)
2019-11-01 08:40:25.861  INFO 13216 --- [restartedMain] .ConditionEvaluationDeltaLoggingListener : Condition evaluation unchanged
2019-11-01 08:40:31.398  INFO 13216 --- [http-nio-8001-exec-1] o.a.c.c.C.[Tomcat].[localhost].[/]       : Initializing Spring DispatcherServlet 'dispatcherServlet'
2019-11-01 08:40:31.400  INFO 13216 --- [http-nio-8001-exec-1] o.s.web.servlet.DispatcherServlet        : Initializing Servlet 'dispatcherServlet'
2019-11-01 08:40:31.405  INFO 13216 --- [http-nio-8001-exec-1] o.s.web.servlet.DispatcherServlet        : Completed initialization in 5 ms
2019-11-01 08:40:31.425  INFO 13216 --- [http-nio-8001-exec-2] com.zaxxer.hikari.HikariDataSource       : HikariPool-3 - Starting...
2019-11-01 08:40:31.429  INFO 13216 --- [http-nio-8001-exec-2] com.zaxxer.hikari.HikariDataSource       : HikariPool-3 - Start completed.
2019-11-01 08:40:49.449  INFO 13216 --- [Thread-23] o.s.s.concurrent.ThreadPoolTaskExecutor  : Shutting down ExecutorService 'applicationTaskExecutor'
2019-11-01 08:40:49.450  INFO 13216 --- [Thread-23] com.zaxxer.hikari.HikariDataSource       : HikariPool-3 - Shutdown initiated...
2019-11-01 08:40:49.454  INFO 13216 --- [Thread-23] com.zaxxer.hikari.HikariDataSource       : HikariPool-3 - Shutdown completed.
2019-11-01 08:40:49.663  INFO 13216 --- [restartedMain] com.oyms.OymsApplication                 : Starting OymsApplication on DESKTOP-HA67OO7 with PID 13216 (started by admin in F:\副本\oymsback1-master)
2019-11-01 08:40:49.663  INFO 13216 --- [restartedMain] com.oyms.OymsApplication                 : No active profile set, falling back to default profiles: default
2019-11-01 08:40:49.843  INFO 13216 --- [restartedMain] o.s.b.w.embedded.tomcat.TomcatWebServer  : Tomcat initialized with port(s): 8001 (http)
2019-11-01 08:40:49.844  INFO 13216 --- [restartedMain] o.apache.catalina.core.StandardService   : Starting service [Tomcat]
2019-11-01 08:40:49.844  INFO 13216 --- [restartedMain] org.apache.catalina.core.StandardEngine  : Starting Servlet engine: [Apache Tomcat/9.0.21]
2019-11-01 08:40:49.851  INFO 13216 --- [restartedMain] o.a.c.c.C.[Tomcat].[localhost].[/]       : Initializing Spring embedded WebApplicationContext
2019-11-01 08:40:49.851  INFO 13216 --- [restartedMain] o.s.web.context.ContextLoader            : Root WebApplicationContext: initialization completed in 187 ms
2019-11-01 08:40:49.994  INFO 13216 --- [restartedMain] o.s.s.concurrent.ThreadPoolTaskExecutor  : Initializing ExecutorService 'applicationTaskExecutor'
2019-11-01 08:40:50.052  INFO 13216 --- [restartedMain] o.s.b.d.a.OptionalLiveReloadServer       : LiveReload server is running on port 35729
2019-11-01 08:40:50.068  INFO 13216 --- [restartedMain] o.s.b.w.embedded.tomcat.TomcatWebServer  : Tomcat started on port(s): 8001 (http) with context path ''
2019-11-01 08:40:50.074  INFO 13216 --- [restartedMain] com.oyms.OymsApplication                 : Started OymsApplication in 0.427 seconds (JVM running for 388.387)
2019-11-01 08:40:50.082  INFO 13216 --- [restartedMain] .ConditionEvaluationDeltaLoggingListener : Condition evaluation unchanged
2019-11-01 09:01:26.374  INFO 13216 --- [http-nio-8001-exec-1] o.a.c.c.C.[Tomcat].[localhost].[/]       : Initializing Spring DispatcherServlet 'dispatcherServlet'
2019-11-01 09:01:26.374  INFO 13216 --- [http-nio-8001-exec-1] o.s.web.servlet.DispatcherServlet        : Initializing Servlet 'dispatcherServlet'
2019-11-01 09:01:26.377  INFO 13216 --- [http-nio-8001-exec-1] o.s.web.servlet.DispatcherServlet        : Completed initialization in 3 ms
2019-11-01 09:01:49.465  INFO 13216 --- [http-nio-8001-exec-8] com.zaxxer.hikari.HikariDataSource       : HikariPool-4 - Starting...
2019-11-01 09:01:49.468  INFO 13216 --- [http-nio-8001-exec-8] com.zaxxer.hikari.HikariDataSource       : HikariPool-4 - Start completed.
2019-11-01 14:03:39.354  INFO 11084 --- [restartedMain] com.oyms.OymsApplication                 : Starting OymsApplication on DESKTOP-HA67OO7 with PID 11084 (started by admin in F:\副本\oymsback1-master)
2019-11-01 14:03:39.380  INFO 11084 --- [restartedMain] com.oyms.OymsApplication                 : No active profile set, falling back to default profiles: default
2019-11-01 14:03:39.417  INFO 11084 --- [restartedMain] .e.DevToolsPropertyDefaultsPostProcessor : Devtools property defaults active! Set 'spring.devtools.add-properties' to 'false' to disable
2019-11-01 14:03:39.417  INFO 11084 --- [restartedMain] .e.DevToolsPropertyDefaultsPostProcessor : For additional web related logging consider setting the 'logging.level.web' property to 'DEBUG'
2019-11-01 14:03:42.030  INFO 11084 --- [restartedMain] o.s.b.w.embedded.tomcat.TomcatWebServer  : Tomcat initialized with port(s): 8001 (http)
2019-11-01 14:03:42.043  INFO 11084 --- [restartedMain] o.apache.catalina.core.StandardService   : Starting service [Tomcat]
2019-11-01 14:03:42.043  INFO 11084 --- [restartedMain] org.apache.catalina.core.StandardEngine  : Starting Servlet engine: [Apache Tomcat/9.0.21]
2019-11-01 14:03:42.106  INFO 11084 --- [restartedMain] o.a.c.c.C.[Tomcat].[localhost].[/]       : Initializing Spring embedded WebApplicationContext
2019-11-01 14:03:42.107  INFO 11084 --- [restartedMain] o.s.web.context.ContextLoader            : Root WebApplicationContext: initialization completed in 2690 ms
2019-11-01 14:03:42.564  INFO 11084 --- [restartedMain] o.s.s.concurrent.ThreadPoolTaskExecutor  : Initializing ExecutorService 'applicationTaskExecutor'
2019-11-01 14:03:42.779  INFO 11084 --- [restartedMain] o.s.b.d.a.OptionalLiveReloadServer       : LiveReload server is running on port 35729
2019-11-01 14:03:42.834  INFO 11084 --- [restartedMain] o.s.b.w.embedded.tomcat.TomcatWebServer  : Tomcat started on port(s): 8001 (http) with context path ''
2019-11-01 14:03:42.837  INFO 11084 --- [restartedMain] com.oyms.OymsApplication                 : Started OymsApplication in 3.742 seconds (JVM running for 4.797)
2019-11-01 14:03:46.016  INFO 11084 --- [Thread-7] o.s.s.concurrent.ThreadPoolTaskExecutor  : Shutting down ExecutorService 'applicationTaskExecutor'
2019-11-01 14:03:46.224  INFO 11084 --- [restartedMain] com.oyms.OymsApplication                 : Starting OymsApplication on DESKTOP-HA67OO7 with PID 11084 (started by admin in F:\副本\oymsback1-master)
2019-11-01 14:03:46.224  INFO 11084 --- [restartedMain] com.oyms.OymsApplication                 : No active profile set, falling back to default profiles: default
2019-11-01 14:03:46.525  INFO 11084 --- [restartedMain] o.s.b.w.embedded.tomcat.TomcatWebServer  : Tomcat initialized with port(s): 8001 (http)
2019-11-01 14:03:46.526  INFO 11084 --- [restartedMain] o.apache.catalina.core.StandardService   : Starting service [Tomcat]
2019-11-01 14:03:46.526  INFO 11084 --- [restartedMain] org.apache.catalina.core.StandardEngine  : Starting Servlet engine: [Apache Tomcat/9.0.21]
2019-11-01 14:03:46.532  INFO 11084 --- [restartedMain] o.a.c.c.C.[Tomcat].[localhost].[/]       : Initializing Spring embedded WebApplicationContext
2019-11-01 14:03:46.533  INFO 11084 --- [restartedMain] o.s.web.context.ContextLoader            : Root WebApplicationContext: initialization completed in 307 ms
2019-11-01 14:03:46.657  INFO 11084 --- [restartedMain] o.s.s.concurrent.ThreadPoolTaskExecutor  : Initializing ExecutorService 'applicationTaskExecutor'
2019-11-01 14:03:46.709  INFO 11084 --- [restartedMain] o.s.b.d.a.OptionalLiveReloadServer       : LiveReload server is running on port 35729
2019-11-01 14:03:46.722  INFO 11084 --- [restartedMain] o.s.b.w.embedded.tomcat.TomcatWebServer  : Tomcat started on port(s): 8001 (http) with context path ''
2019-11-01 14:03:46.723  INFO 11084 --- [restartedMain] com.oyms.OymsApplication                 : Started OymsApplication in 0.537 seconds (JVM running for 8.683)
2019-11-01 14:03:46.725  INFO 11084 --- [restartedMain] .ConditionEvaluationDeltaLoggingListener : Condition evaluation unchanged
2019-11-01 14:04:09.998  INFO 11084 --- [http-nio-8001-exec-1] o.a.c.c.C.[Tomcat].[localhost].[/]       : Initializing Spring DispatcherServlet 'dispatcherServlet'
2019-11-01 14:04:09.999  INFO 11084 --- [http-nio-8001-exec-1] o.s.web.servlet.DispatcherServlet        : Initializing Servlet 'dispatcherServlet'
2019-11-01 14:04:10.008  INFO 11084 --- [http-nio-8001-exec-1] o.s.web.servlet.DispatcherServlet        : Completed initialization in 9 ms
2019-11-01 14:04:15.944  INFO 11084 --- [http-nio-8001-exec-4] com.zaxxer.hikari.HikariDataSource       : HikariPool-1 - Starting...
2019-11-01 14:04:16.040  INFO 11084 --- [http-nio-8001-exec-4] com.zaxxer.hikari.HikariDataSource       : HikariPool-1 - Start completed.
2019-11-01 14:35:35.097  INFO 11084 --- [Thread-11] o.s.s.concurrent.ThreadPoolTaskExecutor  : Shutting down ExecutorService 'applicationTaskExecutor'
2019-11-01 14:35:35.097  INFO 11084 --- [Thread-11] com.zaxxer.hikari.HikariDataSource       : HikariPool-1 - Shutdown initiated...
2019-11-01 14:35:35.100  INFO 11084 --- [Thread-11] com.zaxxer.hikari.HikariDataSource       : HikariPool-1 - Shutdown completed.
2019-11-01 14:35:35.344  INFO 11084 --- [restartedMain] com.oyms.OymsApplication                 : Starting OymsApplication on DESKTOP-HA67OO7 with PID 11084 (started by admin in F:\副本\oymsback1-master)
2019-11-01 14:35:35.344  INFO 11084 --- [restartedMain] com.oyms.OymsApplication                 : No active profile set, falling back to default profiles: default
2019-11-01 14:35:35.523  INFO 11084 --- [restartedMain] o.s.b.w.embedded.tomcat.TomcatWebServer  : Tomcat initialized with port(s): 8001 (http)
2019-11-01 14:35:35.524  INFO 11084 --- [restartedMain] o.apache.catalina.core.StandardService   : Starting service [Tomcat]
2019-11-01 14:35:35.524  INFO 11084 --- [restartedMain] org.apache.catalina.core.StandardEngine  : Starting Servlet engine: [Apache Tomcat/9.0.21]
2019-11-01 14:35:35.532  INFO 11084 --- [restartedMain] o.a.c.c.C.[Tomcat].[localhost].[/]       : Initializing Spring embedded WebApplicationContext
2019-11-01 14:35:35.532  INFO 11084 --- [restartedMain] o.s.web.context.ContextLoader            : Root WebApplicationContext: initialization completed in 186 ms
2019-11-01 14:35:35.635  INFO 11084 --- [restartedMain] o.s.s.concurrent.ThreadPoolTaskExecutor  : Initializing ExecutorService 'applicationTaskExecutor'
2019-11-01 14:35:35.689  INFO 11084 --- [restartedMain] o.s.b.d.a.OptionalLiveReloadServer       : LiveReload server is running on port 35729
2019-11-01 14:35:35.700  INFO 11084 --- [restartedMain] o.s.b.w.embedded.tomcat.TomcatWebServer  : Tomcat started on port(s): 8001 (http) with context path ''
2019-11-01 14:35:35.701  INFO 11084 --- [restartedMain] com.oyms.OymsApplication                 : Started OymsApplication in 0.412 seconds (JVM running for 1917.661)
2019-11-01 14:35:35.702  INFO 11084 --- [restartedMain] .ConditionEvaluationDeltaLoggingListener : Condition evaluation unchanged
2019-11-01 14:36:50.303  INFO 11084 --- [Thread-17] o.s.s.concurrent.ThreadPoolTaskExecutor  : Shutting down ExecutorService 'applicationTaskExecutor'
2019-11-01 14:36:50.521  INFO 11084 --- [restartedMain] com.oyms.OymsApplication                 : Starting OymsApplication on DESKTOP-HA67OO7 with PID 11084 (started by admin in F:\副本\oymsback1-master)
2019-11-01 14:36:50.521  INFO 11084 --- [restartedMain] com.oyms.OymsApplication                 : No active profile set, falling back to default profiles: default
2019-11-01 14:36:50.695  INFO 11084 --- [restartedMain] o.s.b.w.embedded.tomcat.TomcatWebServer  : Tomcat initialized with port(s): 8001 (http)
2019-11-01 14:36:50.695  INFO 11084 --- [restartedMain] o.apache.catalina.core.StandardService   : Starting service [Tomcat]
2019-11-01 14:36:50.696  INFO 11084 --- [restartedMain] org.apache.catalina.core.StandardEngine  : Starting Servlet engine: [Apache Tomcat/9.0.21]
2019-11-01 14:36:50.703  INFO 11084 --- [restartedMain] o.a.c.c.C.[Tomcat].[localhost].[/]       : Initializing Spring embedded WebApplicationContext
2019-11-01 14:36:50.703  INFO 11084 --- [restartedMain] o.s.web.context.ContextLoader            : Root WebApplicationContext: initialization completed in 180 ms
2019-11-01 14:36:50.797  INFO 11084 --- [restartedMain] o.s.s.concurrent.ThreadPoolTaskExecutor  : Initializing ExecutorService 'applicationTaskExecutor'
2019-11-01 14:36:50.837  INFO 11084 --- [restartedMain] o.s.b.d.a.OptionalLiveReloadServer       : LiveReload server is running on port 35729
2019-11-01 14:36:50.848  INFO 11084 --- [restartedMain] o.s.b.w.embedded.tomcat.TomcatWebServer  : Tomcat started on port(s): 8001 (http) with context path ''
2019-11-01 14:36:50.848  INFO 11084 --- [restartedMain] com.oyms.OymsApplication                 : Started OymsApplication in 0.343 seconds (JVM running for 1992.808)
2019-11-01 14:36:50.849  INFO 11084 --- [restartedMain] .ConditionEvaluationDeltaLoggingListener : Condition evaluation unchanged
2019-11-01 14:36:56.257  INFO 11084 --- [Thread-23] o.s.s.concurrent.ThreadPoolTaskExecutor  : Shutting down ExecutorService 'applicationTaskExecutor'
2019-11-01 14:36:56.474  INFO 11084 --- [restartedMain] com.oyms.OymsApplication                 : Starting OymsApplication on DESKTOP-HA67OO7 with PID 11084 (started by admin in F:\副本\oymsback1-master)
2019-11-01 14:36:56.475  INFO 11084 --- [restartedMain] com.oyms.OymsApplication                 : No active profile set, falling back to default profiles: default
2019-11-01 14:36:56.636  INFO 11084 --- [restartedMain] o.s.b.w.embedded.tomcat.TomcatWebServer  : Tomcat initialized with port(s): 8001 (http)
2019-11-01 14:36:56.637  INFO 11084 --- [restartedMain] o.apache.catalina.core.StandardService   : Starting service [Tomcat]
2019-11-01 14:36:56.637  INFO 11084 --- [restartedMain] org.apache.catalina.core.StandardEngine  : Starting Servlet engine: [Apache Tomcat/9.0.21]
2019-11-01 14:36:56.643  INFO 11084 --- [restartedMain] o.a.c.c.C.[Tomcat].[localhost].[/]       : Initializing Spring embedded WebApplicationContext
2019-11-01 14:36:56.643  INFO 11084 --- [restartedMain] o.s.web.context.ContextLoader            : Root WebApplicationContext: initialization completed in 167 ms
2019-11-01 14:36:56.740  INFO 11084 --- [restartedMain] o.s.s.concurrent.ThreadPoolTaskExecutor  : Initializing ExecutorService 'applicationTaskExecutor'
2019-11-01 14:36:56.778  INFO 11084 --- [restartedMain] o.s.b.d.a.OptionalLiveReloadServer       : LiveReload server is running on port 35729
2019-11-01 14:36:56.789  INFO 11084 --- [restartedMain] o.s.b.w.embedded.tomcat.TomcatWebServer  : Tomcat started on port(s): 8001 (http) with context path ''
2019-11-01 14:36:56.789  INFO 11084 --- [restartedMain] com.oyms.OymsApplication                 : Started OymsApplication in 0.33 seconds (JVM running for 1998.75)
2019-11-01 14:36:56.790  INFO 11084 --- [restartedMain] .ConditionEvaluationDeltaLoggingListener : Condition evaluation unchanged
2019-11-01 14:37:14.634  INFO 11084 --- [Thread-29] o.s.s.concurrent.ThreadPoolTaskExecutor  : Shutting down ExecutorService 'applicationTaskExecutor'
2019-11-01 14:37:14.850  INFO 11084 --- [restartedMain] com.oyms.OymsApplication                 : Starting OymsApplication on DESKTOP-HA67OO7 with PID 11084 (started by admin in F:\副本\oymsback1-master)
2019-11-01 14:37:14.850  INFO 11084 --- [restartedMain] com.oyms.OymsApplication                 : No active profile set, falling back to default profiles: default
2019-11-01 14:37:15.021  INFO 11084 --- [restartedMain] o.s.b.w.embedded.tomcat.TomcatWebServer  : Tomcat initialized with port(s): 8001 (http)
2019-11-01 14:37:15.022  INFO 11084 --- [restartedMain] o.apache.catalina.core.StandardService   : Starting service [Tomcat]
2019-11-01 14:37:15.022  INFO 11084 --- [restartedMain] org.apache.catalina.core.StandardEngine  : Starting Servlet engine: [Apache Tomcat/9.0.21]
2019-11-01 14:37:15.028  INFO 11084 --- [restartedMain] o.a.c.c.C.[Tomcat].[localhost].[/]       : Initializing Spring embedded WebApplicationContext
2019-11-01 14:37:15.028  INFO 11084 --- [restartedMain] o.s.web.context.ContextLoader            : Root WebApplicationContext: initialization completed in 177 ms
2019-11-01 14:37:15.119  INFO 11084 --- [restartedMain] o.s.s.concurrent.ThreadPoolTaskExecutor  : Initializing ExecutorService 'applicationTaskExecutor'
2019-11-01 14:37:15.157  INFO 11084 --- [restartedMain] o.s.b.d.a.OptionalLiveReloadServer       : LiveReload server is running on port 35729
2019-11-01 14:37:15.167  INFO 11084 --- [restartedMain] o.s.b.w.embedded.tomcat.TomcatWebServer  : Tomcat started on port(s): 8001 (http) with context path ''
2019-11-01 14:37:15.168  INFO 11084 --- [restartedMain] com.oyms.OymsApplication                 : Started OymsApplication in 0.333 seconds (JVM running for 2017.128)
2019-11-01 14:37:15.169  INFO 11084 --- [restartedMain] .ConditionEvaluationDeltaLoggingListener : Condition evaluation unchanged
2019-11-01 14:37:44.647  INFO 11084 --- [Thread-35] o.s.s.concurrent.ThreadPoolTaskExecutor  : Shutting down ExecutorService 'applicationTaskExecutor'
2019-11-01 14:37:44.805  INFO 11084 --- [restartedMain] com.oyms.OymsApplication                 : Starting OymsApplication on DESKTOP-HA67OO7 with PID 11084 (started by admin in F:\副本\oymsback1-master)
2019-11-01 14:37:44.806  INFO 11084 --- [restartedMain] com.oyms.OymsApplication                 : No active profile set, falling back to default profiles: default
2019-11-01 14:37:44.960  INFO 11084 --- [restartedMain] o.s.b.w.embedded.tomcat.TomcatWebServer  : Tomcat initialized with port(s): 8001 (http)
2019-11-01 14:37:44.961  INFO 11084 --- [restartedMain] o.apache.catalina.core.StandardService   : Starting service [Tomcat]
2019-11-01 14:37:44.961  INFO 11084 --- [restartedMain] org.apache.catalina.core.StandardEngine  : Starting Servlet engine: [Apache Tomcat/9.0.21]
2019-11-01 14:37:44.967  INFO 11084 --- [restartedMain] o.a.c.c.C.[Tomcat].[localhost].[/]       : Initializing Spring embedded WebApplicationContext
2019-11-01 14:37:44.967  INFO 11084 --- [restartedMain] o.s.web.context.ContextLoader            : Root WebApplicationContext: initialization completed in 160 ms
2019-11-01 14:37:45.057  INFO 11084 --- [restartedMain] o.s.s.concurrent.ThreadPoolTaskExecutor  : Initializing ExecutorService 'applicationTaskExecutor'
2019-11-01 14:37:45.095  INFO 11084 --- [restartedMain] o.s.b.d.a.OptionalLiveReloadServer       : LiveReload server is running on port 35729
2019-11-01 14:37:45.106  INFO 11084 --- [restartedMain] o.s.b.w.embedded.tomcat.TomcatWebServer  : Tomcat started on port(s): 8001 (http) with context path ''
2019-11-01 14:37:45.107  INFO 11084 --- [restartedMain] com.oyms.OymsApplication                 : Started OymsApplication in 0.319 seconds (JVM running for 2047.067)
2019-11-01 14:37:45.108  INFO 11084 --- [restartedMain] .ConditionEvaluationDeltaLoggingListener : Condition evaluation unchanged
2019-11-01 14:37:55.527  INFO 11084 --- [Thread-41] o.s.s.concurrent.ThreadPoolTaskExecutor  : Shutting down ExecutorService 'applicationTaskExecutor'
2019-11-01 14:37:55.685  INFO 11084 --- [restartedMain] com.oyms.OymsApplication                 : Starting OymsApplication on DESKTOP-HA67OO7 with PID 11084 (started by admin in F:\副本\oymsback1-master)
2019-11-01 14:37:55.685  INFO 11084 --- [restartedMain] com.oyms.OymsApplication                 : No active profile set, falling back to default profiles: default
2019-11-01 14:37:55.840  INFO 11084 --- [restartedMain] o.s.b.w.embedded.tomcat.TomcatWebServer  : Tomcat initialized with port(s): 8001 (http)
2019-11-01 14:37:55.841  INFO 11084 --- [restartedMain] o.apache.catalina.core.StandardService   : Starting service [Tomcat]
2019-11-01 14:37:55.841  INFO 11084 --- [restartedMain] org.apache.catalina.core.StandardEngine  : Starting Servlet engine: [Apache Tomcat/9.0.21]
2019-11-01 14:37:55.847  INFO 11084 --- [restartedMain] o.a.c.c.C.[Tomcat].[localhost].[/]       : Initializing Spring embedded WebApplicationContext
2019-11-01 14:37:55.847  INFO 11084 --- [restartedMain] o.s.web.context.ContextLoader            : Root WebApplicationContext: initialization completed in 161 ms
2019-11-01 14:37:55.934  INFO 11084 --- [restartedMain] o.s.s.concurrent.ThreadPoolTaskExecutor  : Initializing ExecutorService 'applicationTaskExecutor'
2019-11-01 14:37:55.971  INFO 11084 --- [restartedMain] o.s.b.d.a.OptionalLiveReloadServer       : LiveReload server is running on port 35729
2019-11-01 14:37:55.981  INFO 11084 --- [restartedMain] o.s.b.w.embedded.tomcat.TomcatWebServer  : Tomcat started on port(s): 8001 (http) with context path ''
2019-11-01 14:37:55.982  INFO 11084 --- [restartedMain] com.oyms.OymsApplication                 : Started OymsApplication in 0.314 seconds (JVM running for 2057.942)
2019-11-01 14:37:55.983  INFO 11084 --- [restartedMain] .ConditionEvaluationDeltaLoggingListener : Condition evaluation unchanged
2019-11-01 14:37:58.382  INFO 11084 --- [Thread-47] o.s.s.concurrent.ThreadPoolTaskExecutor  : Shutting down ExecutorService 'applicationTaskExecutor'
2019-11-01 14:37:58.556  INFO 11084 --- [restartedMain] com.oyms.OymsApplication                 : Starting OymsApplication on DESKTOP-HA67OO7 with PID 11084 (started by admin in F:\副本\oymsback1-master)
2019-11-01 14:37:58.556  INFO 11084 --- [restartedMain] com.oyms.OymsApplication                 : No active profile set, falling back to default profiles: default
2019-11-01 14:37:58.713  INFO 11084 --- [restartedMain] o.s.b.w.embedded.tomcat.TomcatWebServer  : Tomcat initialized with port(s): 8001 (http)
2019-11-01 14:37:58.714  INFO 11084 --- [restartedMain] o.apache.catalina.core.StandardService   : Starting service [Tomcat]
2019-11-01 14:37:58.714  INFO 11084 --- [restartedMain] org.apache.catalina.core.StandardEngine  : Starting Servlet engine: [Apache Tomcat/9.0.21]
2019-11-01 14:37:58.720  INFO 11084 --- [restartedMain] o.a.c.c.C.[Tomcat].[localhost].[/]       : Initializing Spring embedded WebApplicationContext
2019-11-01 14:37:58.720  INFO 11084 --- [restartedMain] o.s.web.context.ContextLoader            : Root WebApplicationContext: initialization completed in 163 ms
2019-11-01 14:37:58.830  INFO 11084 --- [restartedMain] o.s.s.concurrent.ThreadPoolTaskExecutor  : Initializing ExecutorService 'applicationTaskExecutor'
2019-11-01 14:37:58.875  INFO 11084 --- [restartedMain] o.s.b.d.a.OptionalLiveReloadServer       : LiveReload server is running on port 35729
2019-11-01 14:37:58.888  INFO 11084 --- [restartedMain] o.s.b.w.embedded.tomcat.TomcatWebServer  : Tomcat started on port(s): 8001 (http) with context path ''
2019-11-01 14:37:58.889  INFO 11084 --- [restartedMain] com.oyms.OymsApplication                 : Started OymsApplication in 0.348 seconds (JVM running for 2060.85)
2019-11-01 14:37:58.890  INFO 11084 --- [restartedMain] .ConditionEvaluationDeltaLoggingListener : Condition evaluation unchanged
2019-11-01 14:38:14.322  INFO 11084 --- [Thread-53] o.s.s.concurrent.ThreadPoolTaskExecutor  : Shutting down ExecutorService 'applicationTaskExecutor'
2019-11-01 14:38:14.480  INFO 11084 --- [restartedMain] com.oyms.OymsApplication                 : Starting OymsApplication on DESKTOP-HA67OO7 with PID 11084 (started by admin in F:\副本\oymsback1-master)
2019-11-01 14:38:14.480  INFO 11084 --- [restartedMain] com.oyms.OymsApplication                 : No active profile set, falling back to default profiles: default
2019-11-01 14:38:14.636  INFO 11084 --- [restartedMain] o.s.b.w.embedded.tomcat.TomcatWebServer  : Tomcat initialized with port(s): 8001 (http)
2019-11-01 14:38:14.637  INFO 11084 --- [restartedMain] o.apache.catalina.core.StandardService   : Starting service [Tomcat]
2019-11-01 14:38:14.637  INFO 11084 --- [restartedMain] org.apache.catalina.core.StandardEngine  : Starting Servlet engine: [Apache Tomcat/9.0.21]
2019-11-01 14:38:14.643  INFO 11084 --- [restartedMain] o.a.c.c.C.[Tomcat].[localhost].[/]       : Initializing Spring embedded WebApplicationContext
2019-11-01 14:38:14.643  INFO 11084 --- [restartedMain] o.s.web.context.ContextLoader            : Root WebApplicationContext: initialization completed in 162 ms
2019-11-01 14:38:14.728  INFO 11084 --- [restartedMain] o.s.s.concurrent.ThreadPoolTaskExecutor  : Initializing ExecutorService 'applicationTaskExecutor'
2019-11-01 14:38:14.763  INFO 11084 --- [restartedMain] o.s.b.d.a.OptionalLiveReloadServer       : LiveReload server is running on port 35729
2019-11-01 14:38:14.774  INFO 11084 --- [restartedMain] o.s.b.w.embedded.tomcat.TomcatWebServer  : Tomcat started on port(s): 8001 (http) with context path ''
2019-11-01 14:38:14.775  INFO 11084 --- [restartedMain] com.oyms.OymsApplication                 : Started OymsApplication in 0.313 seconds (JVM running for 2076.735)
2019-11-01 14:38:14.776  INFO 11084 --- [restartedMain] .ConditionEvaluationDeltaLoggingListener : Condition evaluation unchanged
2019-11-01 14:39:59.549  INFO 11084 --- [http-nio-8001-exec-2] o.a.c.c.C.[Tomcat].[localhost].[/]       : Initializing Spring DispatcherServlet 'dispatcherServlet'
2019-11-01 14:39:59.549  INFO 11084 --- [http-nio-8001-exec-2] o.s.web.servlet.DispatcherServlet        : Initializing Servlet 'dispatcherServlet'
2019-11-01 14:39:59.553  INFO 11084 --- [http-nio-8001-exec-2] o.s.web.servlet.DispatcherServlet        : Completed initialization in 4 ms
2019-11-01 14:39:59.567  INFO 11084 --- [http-nio-8001-exec-3] com.zaxxer.hikari.HikariDataSource       : HikariPool-2 - Starting...
2019-11-01 14:39:59.572  INFO 11084 --- [http-nio-8001-exec-3] com.zaxxer.hikari.HikariDataSource       : HikariPool-2 - Start completed.
2019-11-01 14:40:51.654  INFO 11084 --- [Thread-59] o.s.s.concurrent.ThreadPoolTaskExecutor  : Shutting down ExecutorService 'applicationTaskExecutor'
2019-11-01 14:40:51.654  INFO 11084 --- [Thread-59] com.zaxxer.hikari.HikariDataSource       : HikariPool-2 - Shutdown initiated...
2019-11-01 14:40:51.659  INFO 11084 --- [Thread-59] com.zaxxer.hikari.HikariDataSource       : HikariPool-2 - Shutdown completed.
2019-11-01 14:40:51.842  INFO 11084 --- [restartedMain] com.oyms.OymsApplication                 : Starting OymsApplication on DESKTOP-HA67OO7 with PID 11084 (started by admin in F:\副本\oymsback1-master)
2019-11-01 14:40:51.842  INFO 11084 --- [restartedMain] com.oyms.OymsApplication                 : No active profile set, falling back to default profiles: default
2019-11-01 14:40:52.002  INFO 11084 --- [restartedMain] o.s.b.w.embedded.tomcat.TomcatWebServer  : Tomcat initialized with port(s): 8001 (http)
2019-11-01 14:40:52.003  INFO 11084 --- [restartedMain] o.apache.catalina.core.StandardService   : Starting service [Tomcat]
2019-11-01 14:40:52.003  INFO 11084 --- [restartedMain] org.apache.catalina.core.StandardEngine  : Starting Servlet engine: [Apache Tomcat/9.0.21]
2019-11-01 14:40:52.008  INFO 11084 --- [restartedMain] o.a.c.c.C.[Tomcat].[localhost].[/]       : Initializing Spring embedded WebApplicationContext
2019-11-01 14:40:52.009  INFO 11084 --- [restartedMain] o.s.web.context.ContextLoader            : Root WebApplicationContext: initialization completed in 166 ms
2019-11-01 14:40:52.101  INFO 11084 --- [restartedMain] o.s.s.concurrent.ThreadPoolTaskExecutor  : Initializing ExecutorService 'applicationTaskExecutor'
2019-11-01 14:40:52.150  INFO 11084 --- [restartedMain] o.s.b.d.a.OptionalLiveReloadServer       : LiveReload server is running on port 35729
2019-11-01 14:40:52.164  INFO 11084 --- [restartedMain] o.s.b.w.embedded.tomcat.TomcatWebServer  : Tomcat started on port(s): 8001 (http) with context path ''
2019-11-01 14:40:52.165  INFO 11084 --- [restartedMain] com.oyms.OymsApplication                 : Started OymsApplication in 0.338 seconds (JVM running for 2234.125)
2019-11-01 14:40:52.166  INFO 11084 --- [restartedMain] .ConditionEvaluationDeltaLoggingListener : Condition evaluation unchanged
2019-11-01 14:40:53.411  INFO 11084 --- [http-nio-8001-exec-1] o.a.c.c.C.[Tomcat].[localhost].[/]       : Initializing Spring DispatcherServlet 'dispatcherServlet'
2019-11-01 14:40:53.412  INFO 11084 --- [http-nio-8001-exec-1] o.s.web.servlet.DispatcherServlet        : Initializing Servlet 'dispatcherServlet'
2019-11-01 14:40:53.414  INFO 11084 --- [http-nio-8001-exec-1] o.s.web.servlet.DispatcherServlet        : Completed initialization in 2 ms
2019-11-01 14:40:53.447  INFO 11084 --- [http-nio-8001-exec-4] com.zaxxer.hikari.HikariDataSource       : HikariPool-3 - Starting...
2019-11-01 14:40:53.451  INFO 11084 --- [http-nio-8001-exec-4] com.zaxxer.hikari.HikariDataSource       : HikariPool-3 - Start completed.
2019-11-01 17:22:37.135  INFO 11084 --- [Thread-65] o.s.s.concurrent.ThreadPoolTaskExecutor  : Shutting down ExecutorService 'applicationTaskExecutor'
2019-11-01 17:22:37.137  INFO 11084 --- [Thread-65] com.zaxxer.hikari.HikariDataSource       : HikariPool-3 - Shutdown initiated...
2019-11-01 17:22:37.140  INFO 11084 --- [Thread-65] com.zaxxer.hikari.HikariDataSource       : HikariPool-3 - Shutdown completed.
2019-11-01 17:22:37.584  INFO 11084 --- [restartedMain] com.oyms.OymsApplication                 : Starting OymsApplication on DESKTOP-HA67OO7 with PID 11084 (started by admin in F:\副本\oymsback1-master)
2019-11-01 17:22:37.585  INFO 11084 --- [restartedMain] com.oyms.OymsApplication                 : No active profile set, falling back to default profiles: default
2019-11-01 17:22:37.897  INFO 11084 --- [restartedMain] o.s.b.w.embedded.tomcat.TomcatWebServer  : Tomcat initialized with port(s): 8001 (http)
2019-11-01 17:22:37.898  INFO 11084 --- [restartedMain] o.apache.catalina.core.StandardService   : Starting service [Tomcat]
2019-11-01 17:22:37.898  INFO 11084 --- [restartedMain] org.apache.catalina.core.StandardEngine  : Starting Servlet engine: [Apache Tomcat/9.0.21]
2019-11-01 17:22:37.904  INFO 11084 --- [restartedMain] o.a.c.c.C.[Tomcat].[localhost].[/]       : Initializing Spring embedded WebApplicationContext
2019-11-01 17:22:37.904  INFO 11084 --- [restartedMain] o.s.web.context.ContextLoader            : Root WebApplicationContext: initialization completed in 318 ms
2019-11-01 17:22:38.035  INFO 11084 --- [restartedMain] o.s.s.concurrent.ThreadPoolTaskExecutor  : Initializing ExecutorService 'applicationTaskExecutor'
2019-11-01 17:22:38.088  INFO 11084 --- [restartedMain] o.s.b.d.a.OptionalLiveReloadServer       : LiveReload server is running on port 35729
2019-11-01 17:22:38.100  INFO 11084 --- [restartedMain] o.s.b.w.embedded.tomcat.TomcatWebServer  : Tomcat started on port(s): 8001 (http) with context path ''
2019-11-01 17:22:38.100  INFO 11084 --- [restartedMain] com.oyms.OymsApplication                 : Started OymsApplication in 0.6 seconds (JVM running for 11940.061)
2019-11-01 17:22:38.101  INFO 11084 --- [restartedMain] .ConditionEvaluationDeltaLoggingListener : Condition evaluation unchanged
2019-11-01 17:22:40.051  INFO 11084 --- [RMI TCP Connection(201)-127.0.0.1] inMXBeanRegistrar$SpringApplicationAdmin : Application shutdown requested.
2019-11-01 17:22:40.066  INFO 11084 --- [RMI TCP Connection(201)-127.0.0.1] o.s.s.concurrent.ThreadPoolTaskExecutor  : Shutting down ExecutorService 'applicationTaskExecutor'
